<?xml version="1.1" encoding="UTF-8"?>
<testsuite name="commons.arguments.ArgumentsUtilTest$ソート順指定の項目に正しい文字列を指定" tests="3" failures="0" errors="0" timestamp="2014-06-24T12:56:10" hostname="pc-00361-MacBook-Pro.local" time="0.593">
  <properties/>
  <testcase name="正常にソート順が取得できる" classname="commons.arguments.ArgumentsUtilTest$ソート順指定の項目に正しい文字列を指定" time="0.002"/>
  <testcase name="正常にソート順が取得できる" classname="commons.arguments.ArgumentsUtilTest$ソート順指定の項目に正しい文字列を指定" time="0.002"/>
  <testcase name="正常にソート順が取得できる" classname="commons.arguments.ArgumentsUtilTest$ソート順指定の項目に正しい文字列を指定" time="0.001"/>
  <system-out><![CDATA[]]></system-out>
  <system-err><![CDATA[]]></system-err>
</testsuite>
