<?xml version="1.1" encoding="UTF-8"?>
<testsuite name="commons.arguments.ArgumentsUtilTest$年月日指定の項目に不正なフォーマットを指定" tests="3" failures="0" errors="0" timestamp="2014-06-24T12:56:11" hostname="pc-00361-MacBook-Pro.local" time="0.588">
  <properties/>
  <testcase name="IllegalArgumentExceptionが発生する" classname="commons.arguments.ArgumentsUtilTest$年月日指定の項目に不正なフォーマットを指定" time="0.003"/>
  <testcase name="IllegalArgumentExceptionが発生する" classname="commons.arguments.ArgumentsUtilTest$年月日指定の項目に不正なフォーマットを指定" time="0.002"/>
  <testcase name="IllegalArgumentExceptionが発生する" classname="commons.arguments.ArgumentsUtilTest$年月日指定の項目に不正なフォーマットを指定" time="0.002"/>
  <system-out><![CDATA[]]></system-out>
  <system-err><![CDATA[]]></system-err>
</testsuite>
