<?xml version="1.1" encoding="UTF-8"?>
<testsuite name="commons.arguments.ArgumentsUtilTest$オプションパラメータが未指定" tests="3" failures="0" errors="0" timestamp="2014-06-24T12:56:11" hostname="pc-00361-MacBook-Pro.local" time="0.584">
  <properties/>
  <testcase name="設定値は全てnullになっている" classname="commons.arguments.ArgumentsUtilTest$オプションパラメータが未指定" time="0.002"/>
  <testcase name="設定値は全てnullになっている" classname="commons.arguments.ArgumentsUtilTest$オプションパラメータが未指定" time="0.001"/>
  <testcase name="設定値は全てnullになっている" classname="commons.arguments.ArgumentsUtilTest$オプションパラメータが未指定" time="0.001"/>
  <system-out><![CDATA[]]></system-out>
  <system-err><![CDATA[]]></system-err>
</testsuite>
