<?xml version="1.1" encoding="UTF-8"?>
<testsuite name="commons.helper.BatchCommonHelperTest$createOptionのテスト" tests="3" failures="0" errors="0" timestamp="2014-06-24T12:56:11" hostname="pc-00361-MacBook-Pro.local" time="0.164">
  <properties/>
  <testcase name="Requiredに関わらずOptionオブジェクトが正常に作成できる" classname="commons.helper.BatchCommonHelperTest$createOptionのテスト" time="0.002"/>
  <testcase name="Requiredに関わらずOptionオブジェクトが正常に作成できる" classname="commons.helper.BatchCommonHelperTest$createOptionのテスト" time="0.001"/>
  <testcase name="Requiredに関わらずOptionオブジェクトが正常に作成できる" classname="commons.helper.BatchCommonHelperTest$createOptionのテスト" time="0.001"/>
  <system-out><![CDATA[]]></system-out>
  <system-err><![CDATA[]]></system-err>
</testsuite>
